<?xml version="1.0" encoding="UTF-8"?>
<!-- Generated by org.testng.reporters.JUnitReportReporter -->
<testsuite hostname="Aaryaman" failures="0" tests="1" name="counters.flowID_counter" time="71.100" errors="0" timestamp="2022-01-09T11:59:27 IST" skipped="0">
  <testcase classname="counters.flowID_counter" name="login" time="71.100"/>
  <system-out/>
</testsuite> <!-- counters.flowID_counter -->
