<?xml version="1.0" encoding="UTF-8"?>
<!-- Generated by org.testng.reporters.JUnitReportReporter -->
<testsuite hostname="Aaryaman" failures="0" tests="1" name="test1.BPMSection" time="76.035" errors="0" timestamp="2022-02-11T15:24:33 IST" skipped="0">
  <testcase classname="test1.BPMSection" name="login" time="76.035"/>
  <system-out/>
</testsuite> <!-- test1.BPMSection -->
