<?xml version="1.0" encoding="UTF-8"?>
<!-- Generated by org.testng.reporters.JUnitReportReporter -->
<testsuite hostname="Aaryaman" failures="0" tests="1" name="test1.memRejection" time="121.334" errors="0" timestamp="2022-02-11T11:45:25 IST" skipped="0">
  <testcase classname="test1.memRejection" name="login" time="121.334"/>
  <system-out/>
</testsuite> <!-- test1.memRejection -->
