<?xml version="1.0" encoding="UTF-8"?>
<!-- Generated by org.testng.reporters.JUnitReportReporter -->
<testsuite hostname="Aaryaman" failures="0" tests="1" name="test1.stateFlowPath" time="118.204" errors="0" timestamp="2022-02-11T11:52:30 IST" skipped="0">
  <testcase classname="test1.stateFlowPath" name="login" time="118.204"/>
  <system-out/>
</testsuite> <!-- test1.stateFlowPath -->
